
ROM used:   125/8192 (2%)
            125/8192 (2%) including unused fragments

            0.2 Average locations per line
            5.4 Average locations per statement

RAM used:   12/368 (3%) at main() level
            16/368 (4%) worst case

Stack used: 1 worst case (1 in main + 0 for interrupts)
Stack size: 8

Lines Stmts  %   Files
----- ----- ---  -----
   49    23 100  semaforo.c
  672     0   0  ..\..\..\..\..\..\..\Program Files (x86)\PICC\Devices\16F877a.h
----- -----
  721    23 Total

Page ROM  %  RAM    Vol Diff  Functions:
---- --- --- ---    --- ----  ----------
0     20  16    1             @delay_ms1
0    101  81    1    662  5.5  main
 Inline         0             @cinit1

Program metrics:
    Functions               1
    Statements              23
    Comments                128
    Volume (V)              667
    Difficulty (D)          5.3
    Effort to implement (E) 3524
    Time to implement (T)   3 minutes
    Est Delivered Bugs (B)  0
    Cyclomatic Complexity   5
    Maintainability (MI)    37

 Segment     Used  Free
-----------  ----  ----
00000-00003     4  0  
00004-007FF   121  1923  
00800-00FFF     0  2048  
01000-017FF     0  2048  
01800-01FFF     0  2048  



